#
# There is insufficient memory for the Java Runtime Environment to continue.
# Native memory allocation (mmap) failed to map 266338304 bytes for G1 virtual space
# Possible reasons:
#   The system is out of physical RAM or swap space
#   The process is running with CompressedOops enabled, and the Java Heap may be blocking the growth of the native heap
# Possible solutions:
#   Reduce memory load on the system
#   Increase physical memory or swap space
#   Check if swap backing store is full
#   Decrease Java heap size (-Xmx/-Xms)
#   Decrease number of Java threads
#   Decrease Java thread stack sizes (-Xss)
#   Set larger code cache with -XX:ReservedCodeCacheSize=
#   JVM is running with Zero Based Compressed Oops mode in which the Java heap is
#     placed in the first 32GB address space. The Java Heap base address is the
#     maximum limit for the native heap growth. Please use -XX:HeapBaseMinAddress
#     to set the Java Heap base and to place the Java Heap above 32GB virtual address.
# This output file may be truncated or incomplete.
#
#  Out of Memory Error (os_windows.cpp:3548), pid=587448, tid=611440
#
# JRE version:  (17.0.11+7) (build )
# Java VM: Java HotSpot(TM) 64-Bit Server VM (17.0.11+7-LTS-207, mixed mode, sharing, tiered, compressed oops, compressed class ptrs, g1 gc, windows-amd64)
# No core dump will be written. Minidumps are not enabled by default on client versions of Windows
#

---------------  S U M M A R Y ------------

Command Line: -Dfile.encoding=UTF-8 -XX:+ShowCodeDetailsInExceptionMessages at.jku.win.masterarbeit.szenarienerstellungstool.Choose_Variations

Host: 11th Gen Intel(R) Core(TM) i7-1165G7 @ 2.80GHz, 8 cores, 15G,  Windows 11 , 64 bit Build 22621 (10.0.22621.2428)
Time: Thu Oct 10 16:48:09 2024 W. Europe Daylight Time elapsed time: 0.029705 seconds (0d 0h 0m 0s)

---------------  T H R E A D  ---------------

Current thread (0x0000023d163298c0):  JavaThread "Unknown thread" [_thread_in_vm, id=611440, stack(0x000000871a100000,0x000000871a200000)]

Stack: [0x000000871a100000,0x000000871a200000]
Native frames: (J=compiled Java code, j=interpreted, Vv=VM code, C=native code)
V  [jvm.dll+0x679cca]
V  [jvm.dll+0x7da13d]
V  [jvm.dll+0x7dba83]
V  [jvm.dll+0x7dc0f3]
V  [jvm.dll+0x2449af]
V  [jvm.dll+0x676ce9]
V  [jvm.dll+0x66b852]
V  [jvm.dll+0x3018d6]
V  [jvm.dll+0x308e76]
V  [jvm.dll+0x3596ee]
V  [jvm.dll+0x35991f]
V  [jvm.dll+0x2d89a8]
V  [jvm.dll+0x2d9914]
V  [jvm.dll+0x7ac6b1]
V  [jvm.dll+0x366f61]
V  [jvm.dll+0x78b609]
V  [jvm.dll+0x3ec22f]
V  [jvm.dll+0x3ede61]
C  [jli.dll+0x5297]
C  [ucrtbase.dll+0x29363]
C  [KERNEL32.DLL+0x1257d]
C  [ntdll.dll+0x5aa78]


---------------  P R O C E S S  ---------------

Threads class SMR info:
_java_thread_list=0x00007ff855fc7a18, length=0, elements={
}

Java Threads: ( => current thread )

Other Threads:
  0x0000023d16394ad0 GCTaskThread "GC Thread#0" [stack: 0x000000871a200000,0x000000871a300000] [id=579024]
  0x0000023d163a5660 ConcurrentGCThread "G1 Main Marker" [stack: 0x000000871a300000,0x000000871a400000] [id=583028]
  0x0000023d163a6810 ConcurrentGCThread "G1 Conc#0" [stack: 0x000000871a400000,0x000000871a500000] [id=603816]

[error occurred during error reporting (printing all threads), id 0xc0000005, EXCEPTION_ACCESS_VIOLATION (0xc0000005) at pc=0x00007ff8557f9497]

VM state: not at safepoint (not fully initialized)

VM Mutex/Monitor currently owned by a thread:  ([mutex/lock_event])
[0x0000023d16326030] Heap_lock - owner thread: 0x0000023d163298c0

Heap address: 0x0000000703c00000, size: 4036 MB, Compressed Oops mode: Zero based, Oop shift amount: 3

CDS archive(s) mapped at: [0x0000000000000000-0x0000000000000000-0x0000000000000000), size 0, SharedBaseAddress: 0x0000000800000000, ArchiveRelocationMode: 1.
Narrow klass base: 0x0000000000000000, Narrow klass shift: 0, Narrow klass range: 0x0

GC Precious Log:
<Empty>

Heap:
 garbage-first heap   total 0K, used 0K [0x0000000703c00000, 0x0000000800000000)
  region size 2048K, 0 young (0K), 0 survivors (0K)

[error occurred during error reporting (printing heap information), id 0xc0000005, EXCEPTION_ACCESS_VIOLATION (0xc0000005) at pc=0x00007ff855be3559]

GC Heap History (0 events):
No events

Deoptimization events (0 events):
No events

Classes unloaded (0 events):
No events

Classes redefined (0 events):
No events

Internal exceptions (0 events):
No events

VM Operations (0 events):
No events

Events (1 events):
Event: 0.019 Loaded shared library C:\Program Files\Java\jdk-17\bin\java.dll


Dynamic libraries:
0x00007ff6e6110000 - 0x00007ff6e6120000 	C:\Program Files\Java\jdk-17\bin\javaw.exe
0x00007ff8b8f50000 - 0x00007ff8b9167000 	C:\WINDOWS\SYSTEM32\ntdll.dll
0x00007ff8b6e20000 - 0x00007ff8b6ee4000 	C:\WINDOWS\System32\KERNEL32.DLL
0x00007ff8b6900000 - 0x00007ff8b6ca6000 	C:\WINDOWS\System32\KERNELBASE.dll
0x00007ff8b67e0000 - 0x00007ff8b68f1000 	C:\WINDOWS\System32\ucrtbase.dll
0x00007ff898670000 - 0x00007ff898689000 	C:\Program Files\Java\jdk-17\bin\jli.dll
0x00007ff8b6cc0000 - 0x00007ff8b6d70000 	C:\WINDOWS\System32\ADVAPI32.dll
0x00007ff8b7b10000 - 0x00007ff8b7bb7000 	C:\WINDOWS\System32\msvcrt.dll
0x00007ff8b6d70000 - 0x00007ff8b6e16000 	C:\WINDOWS\System32\sechost.dll
0x00007ff8985f0000 - 0x00007ff89860b000 	C:\Program Files\Java\jdk-17\bin\VCRUNTIME140.dll
0x00007ff8b7fa0000 - 0x00007ff8b80b7000 	C:\WINDOWS\System32\RPCRT4.dll
0x00007ff8b6ef0000 - 0x00007ff8b709d000 	C:\WINDOWS\System32\USER32.dll
0x00007ff8b6680000 - 0x00007ff8b66a6000 	C:\WINDOWS\System32\win32u.dll
0x00007ff8b7e90000 - 0x00007ff8b7eb9000 	C:\WINDOWS\System32\GDI32.dll
0x00007ff8b6560000 - 0x00007ff8b6678000 	C:\WINDOWS\System32\gdi32full.dll
0x00007ff8b62d0000 - 0x00007ff8b636a000 	C:\WINDOWS\System32\msvcp_win.dll
0x00007ff896f40000 - 0x00007ff8971d3000 	C:\WINDOWS\WinSxS\amd64_microsoft.windows.common-controls_6595b64144ccf1df_6.0.22621.2361_none_2712ced57382f843\COMCTL32.dll
0x00007ff8a9380000 - 0x00007ff8a938a000 	C:\WINDOWS\SYSTEM32\VERSION.dll
0x00007ff8b7f20000 - 0x00007ff8b7f51000 	C:\WINDOWS\System32\IMM32.DLL
0x00007ff8af770000 - 0x00007ff8af77c000 	C:\Program Files\Java\jdk-17\bin\vcruntime140_1.dll
0x00007ff87aa40000 - 0x00007ff87aace000 	C:\Program Files\Java\jdk-17\bin\msvcp140.dll
0x00007ff855510000 - 0x00007ff8560f0000 	C:\Program Files\Java\jdk-17\bin\server\jvm.dll
0x00007ff8b6cb0000 - 0x00007ff8b6cb8000 	C:\WINDOWS\System32\PSAPI.DLL
0x00007ff8a9cb0000 - 0x00007ff8a9ce4000 	C:\WINDOWS\SYSTEM32\WINMM.dll
0x00007ff8b2990000 - 0x00007ff8b2999000 	C:\WINDOWS\SYSTEM32\WSOCK32.dll
0x00007ff8b7dc0000 - 0x00007ff8b7e31000 	C:\WINDOWS\System32\WS2_32.dll
0x00007ff8b5310000 - 0x00007ff8b5328000 	C:\WINDOWS\SYSTEM32\kernel.appcore.dll
0x00007ff8a2e40000 - 0x00007ff8a2e4a000 	C:\Program Files\Java\jdk-17\bin\jimage.dll
0x00007ff8b37b0000 - 0x00007ff8b39de000 	C:\WINDOWS\SYSTEM32\DBGHELP.DLL
0x00007ff8b7680000 - 0x00007ff8b7a0a000 	C:\WINDOWS\System32\combase.dll
0x00007ff8b80c0000 - 0x00007ff8b8197000 	C:\WINDOWS\System32\OLEAUT32.dll
0x00007ff896c40000 - 0x00007ff896c72000 	C:\WINDOWS\SYSTEM32\dbgcore.DLL
0x00007ff8b64e0000 - 0x00007ff8b655a000 	C:\WINDOWS\System32\bcryptPrimitives.dll
0x00007ff88c530000 - 0x00007ff88c555000 	C:\Program Files\Java\jdk-17\bin\java.dll

dbghelp: loaded successfully - version: 4.0.5 - missing functions: none
symbol engine: initialized successfully - sym options: 0x614 - pdb path: .;C:\Program Files\Java\jdk-17\bin;C:\WINDOWS\SYSTEM32;C:\WINDOWS\WinSxS\amd64_microsoft.windows.common-controls_6595b64144ccf1df_6.0.22621.2361_none_2712ced57382f843;C:\Program Files\Java\jdk-17\bin\server

VM Arguments:
jvm_args: -Dfile.encoding=UTF-8 -XX:+ShowCodeDetailsInExceptionMessages 
java_command: at.jku.win.masterarbeit.szenarienerstellungstool.Choose_Variations
java_class_path (initial): C:\Users\stefan\git\repository\Szenarienerstellungstool\bin;C:\Program Files\Java\jre-1.8;C:\Users\stefan\Downloads\jdom2-2.0.5.jar\jdom2-2.0.5.jar;C:\Users\stefan\Downloads\de.ovgu.featureide.lib.fm-v3.11.1.jar;C:\Users\stefan\Downloads\de.ovgu.featureide.lib.fm.attributes-v3.11.1.jar;C:\Users\stefan\Downloads\org.sat4j.core_2.3.5.v201308161310.jar;C:\Users\stefan\Downloads\FeatJAR-main\FeatJAR-main\gradle-plugins\build\libs\gradle-plugins.jar;C:\Users\stefan\Downloads\uvl-parser.jar;C:\Users\stefan\Downloads\splar.jar;C:\Users\stefan\Downloads\org.sat4j.pb.jar;C:\Users\stefan\Downloads\org.sat4j.core.jar;C:\Users\stefan\Downloads\commons-math-2.2.jar;C:\Users\stefan\Downloads\antlr-3.4.jar;C:\Users\stefan\Downloads\SPLCAT.jar
Launcher Type: SUN_STANDARD

[Global flags]
     intx CICompilerCount                          = 4                                         {product} {ergonomic}
     uint ConcGCThreads                            = 2                                         {product} {ergonomic}
     uint G1ConcRefinementThreads                  = 8                                         {product} {ergonomic}
   size_t G1HeapRegionSize                         = 2097152                                   {product} {ergonomic}
    uintx GCDrainStackTargetSize                   = 64                                        {product} {ergonomic}
   size_t InitialHeapSize                          = 266338304                                 {product} {ergonomic}
   size_t MarkStackSize                            = 4194304                                   {product} {ergonomic}
   size_t MaxHeapSize                              = 4232052736                                {product} {ergonomic}
   size_t MinHeapDeltaBytes                        = 2097152                                   {product} {ergonomic}
   size_t MinHeapSize                              = 8388608                                   {product} {ergonomic}
    uintx NonNMethodCodeHeapSize                   = 5839372                                {pd product} {ergonomic}
    uintx NonProfiledCodeHeapSize                  = 122909434                              {pd product} {ergonomic}
    uintx ProfiledCodeHeapSize                     = 122909434                              {pd product} {ergonomic}
    uintx ReservedCodeCacheSize                    = 251658240                              {pd product} {ergonomic}
     bool SegmentedCodeCache                       = true                                      {product} {ergonomic}
     bool ShowCodeDetailsInExceptionMessages       = true                                   {manageable} {command line}
   size_t SoftMaxHeapSize                          = 4232052736                             {manageable} {ergonomic}
     bool UseCompressedClassPointers               = true                           {product lp64_product} {ergonomic}
     bool UseCompressedOops                        = true                           {product lp64_product} {ergonomic}
     bool UseG1GC                                  = true                                      {product} {ergonomic}
     bool UseLargePagesIndividualAllocation        = false                                  {pd product} {ergonomic}

Logging:
Log output configuration:
 #0: stdout all=warning uptime,level,tags
 #1: stderr all=off uptime,level,tags

Environment Variables:
PATH=C:\Program Files\Common Files\Oracle\Java\javapath;C:\Program Files (x86)\Common Files\Oracle\Java\javapath;C:\WINDOWS\system32;C:\WINDOWS;C:\WINDOWS\System32\Wbem;C:\WINDOWS\System32\WindowsPowerShell\v1.0\;C:\WINDOWS\System32\OpenSSH\;C:\Program Files\Git\cmd;C:\Users\stefan\AppData\Local\Programs\Python\Launcher\;C:\Users\stefan\AppData\Local\Microsoft\WindowsApps;C:\Users\stefan\AppData\Local\GitHubDesktop\bin
USERNAME=stefan
OS=Windows_NT
PROCESSOR_IDENTIFIER=Intel64 Family 6 Model 140 Stepping 1, GenuineIntel



---------------  S Y S T E M  ---------------

OS:
 Windows 11 , 64 bit Build 22621 (10.0.22621.2428)
OS uptime: 359 days 14:13 hours

CPU: total 8 (initial active 8) (4 cores per cpu, 2 threads per core) family 6 model 140 stepping 1 microcode 0xac, cx8, cmov, fxsr, ht, mmx, 3dnowpref, sse, sse2, sse3, ssse3, sse4.1, sse4.2, popcnt, lzcnt, tsc, tscinvbit, avx, avx2, aes, erms, clmul, bmi1, bmi2, adx, avx512f, avx512dq, avx512cd, avx512bw, avx512vl, sha, fma, vzeroupper, avx512_vpopcntdq, avx512_vpclmulqdq, avx512_vaes, avx512_vnni, clflush, clflushopt, clwb, avx512_vbmi2, avx512_vbmi

Memory: 4k page, system-wide physical 16140M (1377M free)
TotalPageFile size 65292M (AvailPageFile size 163M)
current process WorkingSet (physical memory assigned to process): 10M, peak: 10M
current process commit charge ("private bytes"): 60M, peak: 314M

vm_info: Java HotSpot(TM) 64-Bit Server VM (17.0.11+7-LTS-207) for windows-amd64 JRE (17.0.11+7-LTS-207), built on Mar 11 2024 19:01:50 by "mach5one" with MS VC++ 17.6 (VS2022)

END.
